# JRE version: OpenJDK Runtime Environment Temurin-17.0.16+8 (17.0.16+8) (build 17.0.16+8)
# Java VM: OpenJDK 64-Bit Server VM Temurin-17.0.16+8 (17.0.16+8, mixed mode, sharing, tiered, compressed oops, compressed class ptrs, g1 gc, windows-amd64)
GC Precious Log:
 CPUs: 4 total, 4 available
 Memory: 3526M
 Large Page Support: Disabled
 NUMA Support: Disabled
 Compressed Oops: Enabled (32-bit)
 Heap Region Size: 1M
 Heap Min Capacity: 8M
 Heap Initial Capacity: 56M
 Heap Max Capacity: 882M
 Pre-touch: Disabled
 Parallel Workers: 4
 Concurrent Workers: 1
 Concurrent Refinement Workers: 4
 Periodic GC: Disabled
Heap:
 garbage-first heap   total 69632K, used 47495K [0x00000000c8e00000, 0x0000000100000000)
  region size 1024K, 2 young (2048K), 1 survivors (1024K)
 Metaspace       used 18970K, committed 19264K, reserved 1114112K
  class space    used 2178K, committed 2304K, reserved 1048576K
GC Heap History (18 events):
Event: 2.502 GC heap before
{Heap before GC invocations=0 (full 0):
 garbage-first heap   total 57344K, used 13312K [0x00000000c8e00000, 0x0000000100000000)
  region size 1024K, 13 young (13312K), 0 survivors (0K)
 Metaspace       used 5065K, committed 5184K, reserved 1114112K
  class space    used 535K, committed 576K, reserved 1048576K
}
Event: 2.509 GC heap after
{Heap after GC invocations=1 (full 0):
 garbage-first heap   total 57344K, used 3660K [0x00000000c8e00000, 0x0000000100000000)
  region size 1024K, 2 young (2048K), 2 survivors (2048K)
 Metaspace       used 5065K, committed 5184K, reserved 1114112K
  class space    used 535K, committed 576K, reserved 1048576K
}
Event: 2.851 GC heap before
{Heap before GC invocations=1 (full 0):
 garbage-first heap   total 57344K, used 13900K [0x00000000c8e00000, 0x0000000100000000)
  region size 1024K, 12 young (12288K), 2 survivors (2048K)
 Metaspace       used 7351K, committed 7552K, reserved 1114112K
  class space    used 856K, committed 960K, reserved 1048576K
}
Event: 2.856 GC heap after
{Heap after GC invocations=2 (full 0):
 garbage-first heap   total 57344K, used 4341K [0x00000000c8e00000, 0x0000000100000000)
  region size 1024K, 1 young (1024K), 1 survivors (1024K)
 Metaspace       used 7351K, committed 7552K, reserved 1114112K
  class space    used 856K, committed 960K, reserved 1048576K
}
Event: 3.440 GC heap before
{Heap before GC invocations=2 (full 0):
 garbage-first heap   total 57344K, used 26869K [0x00000000c8e00000, 0x0000000100000000)
  region size 1024K, 23 young (23552K), 1 survivors (1024K)
 Metaspace       used 9714K, committed 9856K, reserved 1114112K
  class space    used 1138K, committed 1216K, reserved 1048576K
}
Event: 3.444 GC heap after
{Heap after GC invocations=3 (full 0):
 garbage-first heap   total 57344K, used 5072K [0x00000000c8e00000, 0x0000000100000000)
  region size 1024K, 2 young (2048K), 2 survivors (2048K)
 Metaspace       used 9714K, committed 9856K, reserved 1114112K
  class space    used 1138K, committed 1216K, reserved 1048576K
}
Event: 4.743 GC heap before
{Heap before GC invocations=3 (full 0):
 garbage-first heap   total 57344K, used 36816K [0x00000000c8e00000, 0x0000000100000000)
  region size 1024K, 33 young (33792K), 2 survivors (2048K)
 Metaspace       used 16034K, committed 16256K, reserved 1114112K
  class space    used 1937K, committed 2048K, reserved 1048576K
}
Event: 4.752 GC heap after
{Heap after GC invocations=4 (full 0):
 garbage-first heap   total 57344K, used 8057K [0x00000000c8e00000, 0x0000000100000000)
  region size 1024K, 5 young (5120K), 5 survivors (5120K)
 Metaspace       used 16034K, committed 16256K, reserved 1114112K
  class space    used 1937K, committed 2048K, reserved 1048576K
}
Event: 5.572 GC heap before
{Heap before GC invocations=4 (full 0):
 garbage-first heap   total 57344K, used 36729K [0x00000000c8e00000, 0x0000000100000000)
  region size 1024K, 33 young (33792K), 5 survivors (5120K)
 Metaspace       used 17157K, committed 17344K, reserved 1114112K
  class space    used 2031K, committed 2112K, reserved 1048576K
}
Event: 5.586 GC heap after
{Heap after GC invocations=5 (full 0):
 garbage-first heap   total 57344K, used 11535K [0x00000000c8e00000, 0x0000000100000000)
  region size 1024K, 4 young (4096K), 4 survivors (4096K)
 Metaspace       used 17157K, committed 17344K, reserved 1114112K
  class space    used 2031K, committed 2112K, reserved 1048576K
}
Event: 6.326 GC heap before
{Heap before GC invocations=5 (full 0):
 garbage-first heap   total 57344K, used 40207K [0x00000000c8e00000, 0x0000000100000000)
  region size 1024K, 32 young (32768K), 4 survivors (4096K)
 Metaspace       used 17540K, committed 17728K, reserved 1114112K
  class space    used 2054K, committed 2176K, reserved 1048576K
}
Event: 6.336 GC heap after
{Heap after GC invocations=6 (full 0):
 garbage-first heap   total 57344K, used 13296K [0x00000000c8e00000, 0x0000000100000000)
  region size 1024K, 2 young (2048K), 2 survivors (2048K)
 Metaspace       used 17540K, committed 17728K, reserved 1114112K
  class space    used 2054K, committed 2176K, reserved 1048576K
}
Event: 7.471 GC heap before
{Heap before GC invocations=6 (full 0):
 garbage-first heap   total 57344K, used 41968K [0x00000000c8e00000, 0x0000000100000000)
  region size 1024K, 30 young (30720K), 2 survivors (2048K)
 Metaspace       used 18031K, committed 18240K, reserved 1114112K
  class space    used 2074K, committed 2176K, reserved 1048576K
}
Event: 7.478 GC heap after
{Heap after GC invocations=7 (full 0):
 garbage-first heap   total 57344K, used 13962K [0x00000000c8e00000, 0x0000000100000000)
  region size 1024K, 3 young (3072K), 3 survivors (3072K)
 Metaspace       used 18031K, committed 18240K, reserved 1114112K
  class space    used 2074K, committed 2176K, reserved 1048576K
}
Event: 7.777 GC heap before
{Heap before GC invocations=7 (full 0):
 garbage-first heap   total 57344K, used 30346K [0x00000000c8e00000, 0x0000000100000000)
  region size 1024K, 12 young (12288K), 3 survivors (3072K)
 Metaspace       used 18943K, committed 19136K, reserved 1114112K
  class space    used 2175K, committed 2240K, reserved 1048576K
}
Event: 7.783 GC heap after
{Heap after GC invocations=8 (full 0):
 garbage-first heap   total 57344K, used 23076K [0x00000000c8e00000, 0x0000000100000000)
  region size 1024K, 3 young (3072K), 3 survivors (3072K)
 Metaspace       used 18943K, committed 19136K, reserved 1114112K
  class space    used 2175K, committed 2240K, reserved 1048576K
}
Event: 7.786 GC heap before
{Heap before GC invocations=8 (full 0):
 garbage-first heap   total 57344K, used 35364K [0x00000000c8e00000, 0x0000000100000000)
  region size 1024K, 4 young (4096K), 3 survivors (3072K)
 Metaspace       used 18943K, committed 19136K, reserved 1114112K
  class space    used 2175K, committed 2240K, reserved 1048576K
}
Event: 7.790 GC heap after
{Heap after GC invocations=9 (full 0):
 garbage-first heap   total 69632K, used 35207K [0x00000000c8e00000, 0x0000000100000000)
  region size 1024K, 1 young (1024K), 1 survivors (1024K)
 Metaspace       used 18943K, committed 19136K, reserved 1114112K
  class space    used 2175K, committed 2240K, reserved 1048576K
}

