# JRE version: OpenJDK Runtime Environment Temurin-17.0.16+8 (17.0.16+8) (build 17.0.16+8)
# Java VM: OpenJDK 64-Bit Server VM Temurin-17.0.16+8 (17.0.16+8, mixed mode, sharing, tiered, compressed oops, compressed class ptrs, g1 gc, windows-amd64)
GC Precious Log:
 CPUs: 4 total, 4 available
 Memory: 3526M
 Large Page Support: Disabled
 NUMA Support: Disabled
 Compressed Oops: Enabled (32-bit)
 Heap Region Size: 1M
 Heap Min Capacity: 8M
 Heap Initial Capacity: 56M
 Heap Max Capacity: 882M
 Pre-touch: Disabled
 Parallel Workers: 4
 Concurrent Workers: 1
 Concurrent Refinement Workers: 4
 Periodic GC: Disabled
Heap:
 garbage-first heap   total 57344K, used 48484K [0x00000000c8e00000, 0x0000000100000000)
  region size 1024K, 3 young (3072K), 2 survivors (2048K)
 Metaspace       used 19000K, committed 19264K, reserved 1114112K
  class space    used 2178K, committed 2304K, reserved 1048576K
GC Heap History (18 events):
Event: 1.237 GC heap before
{Heap before GC invocations=0 (full 0):
 garbage-first heap   total 57344K, used 13312K [0x00000000c8e00000, 0x0000000100000000)
  region size 1024K, 13 young (13312K), 0 survivors (0K)
 Metaspace       used 5063K, committed 5184K, reserved 1114112K
  class space    used 535K, committed 576K, reserved 1048576K
}
Event: 1.246 GC heap after
{Heap after GC invocations=1 (full 0):
 garbage-first heap   total 57344K, used 3640K [0x00000000c8e00000, 0x0000000100000000)
  region size 1024K, 2 young (2048K), 2 survivors (2048K)
 Metaspace       used 5063K, committed 5184K, reserved 1114112K
  class space    used 535K, committed 576K, reserved 1048576K
}
Event: 1.662 GC heap before
{Heap before GC invocations=1 (full 0):
 garbage-first heap   total 57344K, used 14904K [0x00000000c8e00000, 0x0000000100000000)
  region size 1024K, 13 young (13312K), 2 survivors (2048K)
 Metaspace       used 7372K, committed 7552K, reserved 1114112K
  class space    used 861K, committed 960K, reserved 1048576K
}
Event: 1.668 GC heap after
{Heap after GC invocations=2 (full 0):
 garbage-first heap   total 57344K, used 4554K [0x00000000c8e00000, 0x0000000100000000)
  region size 1024K, 1 young (1024K), 1 survivors (1024K)
 Metaspace       used 7372K, committed 7552K, reserved 1114112K
  class space    used 861K, committed 960K, reserved 1048576K
}
Event: 2.395 GC heap before
{Heap before GC invocations=2 (full 0):
 garbage-first heap   total 57344K, used 27082K [0x00000000c8e00000, 0x0000000100000000)
  region size 1024K, 23 young (23552K), 1 survivors (1024K)
 Metaspace       used 9875K, committed 10112K, reserved 1114112K
  class space    used 1164K, committed 1280K, reserved 1048576K
}
Event: 2.399 GC heap after
{Heap after GC invocations=3 (full 0):
 garbage-first heap   total 57344K, used 5153K [0x00000000c8e00000, 0x0000000100000000)
  region size 1024K, 2 young (2048K), 2 survivors (2048K)
 Metaspace       used 9875K, committed 10112K, reserved 1114112K
  class space    used 1164K, committed 1280K, reserved 1048576K
}
Event: 3.585 GC heap before
{Heap before GC invocations=3 (full 0):
 garbage-first heap   total 57344K, used 36897K [0x00000000c8e00000, 0x0000000100000000)
  region size 1024K, 33 young (33792K), 2 survivors (2048K)
 Metaspace       used 16075K, committed 16320K, reserved 1114112K
  class space    used 1945K, committed 2048K, reserved 1048576K
}
Event: 3.595 GC heap after
{Heap after GC invocations=4 (full 0):
 garbage-first heap   total 57344K, used 8122K [0x00000000c8e00000, 0x0000000100000000)
  region size 1024K, 5 young (5120K), 5 survivors (5120K)
 Metaspace       used 16075K, committed 16320K, reserved 1114112K
  class space    used 1945K, committed 2048K, reserved 1048576K
}
Event: 4.581 GC heap before
{Heap before GC invocations=4 (full 0):
 garbage-first heap   total 57344K, used 36794K [0x00000000c8e00000, 0x0000000100000000)
  region size 1024K, 33 young (33792K), 5 survivors (5120K)
 Metaspace       used 17241K, committed 17472K, reserved 1114112K
  class space    used 2042K, committed 2176K, reserved 1048576K
}
Event: 4.596 GC heap after
{Heap after GC invocations=5 (full 0):
 garbage-first heap   total 57344K, used 11636K [0x00000000c8e00000, 0x0000000100000000)
  region size 1024K, 4 young (4096K), 4 survivors (4096K)
 Metaspace       used 17241K, committed 17472K, reserved 1114112K
  class space    used 2042K, committed 2176K, reserved 1048576K
}
Event: 5.592 GC heap before
{Heap before GC invocations=5 (full 0):
 garbage-first heap   total 57344K, used 39284K [0x00000000c8e00000, 0x0000000100000000)
  region size 1024K, 31 young (31744K), 4 survivors (4096K)
 Metaspace       used 17559K, committed 17792K, reserved 1114112K
  class space    used 2056K, committed 2176K, reserved 1048576K
}
Event: 5.601 GC heap after
{Heap after GC invocations=6 (full 0):
 garbage-first heap   total 57344K, used 13599K [0x00000000c8e00000, 0x0000000100000000)
  region size 1024K, 2 young (2048K), 2 survivors (2048K)
 Metaspace       used 17559K, committed 17792K, reserved 1114112K
  class space    used 2056K, committed 2176K, reserved 1048576K
}
Event: 7.185 GC heap before
{Heap before GC invocations=6 (full 0):
 garbage-first heap   total 57344K, used 41247K [0x00000000c8e00000, 0x0000000100000000)
  region size 1024K, 29 young (29696K), 2 survivors (2048K)
 Metaspace       used 18025K, committed 18240K, reserved 1114112K
  class space    used 2077K, committed 2176K, reserved 1048576K
}
Event: 7.192 GC heap after
{Heap after GC invocations=7 (full 0):
 garbage-first heap   total 57344K, used 14628K [0x00000000c8e00000, 0x0000000100000000)
  region size 1024K, 3 young (3072K), 3 survivors (3072K)
 Metaspace       used 18025K, committed 18240K, reserved 1114112K
  class space    used 2077K, committed 2176K, reserved 1048576K
}
Event: 7.608 GC heap before
{Heap before GC invocations=7 (full 0):
 garbage-first heap   total 57344K, used 33060K [0x00000000c8e00000, 0x0000000100000000)
  region size 1024K, 14 young (14336K), 3 survivors (3072K)
 Metaspace       used 18987K, committed 19264K, reserved 1114112K
  class space    used 2178K, committed 2304K, reserved 1048576K
}
Event: 7.614 GC heap after
{Heap after GC invocations=8 (full 0):
 garbage-first heap   total 57344K, used 23598K [0x00000000c8e00000, 0x0000000100000000)
  region size 1024K, 3 young (3072K), 3 survivors (3072K)
 Metaspace       used 18987K, committed 19264K, reserved 1114112K
  class space    used 2178K, committed 2304K, reserved 1048576K
}
Event: 7.618 GC heap before
{Heap before GC invocations=8 (full 0):
 garbage-first heap   total 57344K, used 35886K [0x00000000c8e00000, 0x0000000100000000)
  region size 1024K, 4 young (4096K), 3 survivors (3072K)
 Metaspace       used 18987K, committed 19264K, reserved 1114112K
  class space    used 2178K, committed 2304K, reserved 1048576K
}
Event: 7.622 GC heap after
{Heap after GC invocations=9 (full 0):
 garbage-first heap   total 57344K, used 36196K [0x00000000c8e00000, 0x0000000100000000)
  region size 1024K, 2 young (2048K), 2 survivors (2048K)
 Metaspace       used 18987K, committed 19264K, reserved 1114112K
  class space    used 2178K, committed 2304K, reserved 1048576K
}

